<?xml version="1.0" encoding="UTF-8"?>
<Site BuildName="(empty)"
	BuildStamp="20240414-0950-Experimental"
	Name="khalisa-pc"
	Generator="ctest-3.16.3"
	CompilerName="/usr/bin/g++"
	CompilerVersion="9.4.0"
	OSName="Linux"
	Hostname="khalisa-pc"
	OSRelease="5.15.146.1-microsoft-standard-WSL2"
	OSVersion="#1 SMP Thu Jan 11 04:09:03 UTC 2024"
	OSPlatform="x86_64"
	Is64Bits="1"
	VendorString="AuthenticAMD"
	VendorID="Advanced Micro Devices"
	FamilyID="23"
	ModelID="96"
	ProcessorCacheSize="512"
	NumberOfLogicalCPU="16"
	NumberOfPhysicalCPU="8"
	TotalVirtualMemory="2048"
	TotalPhysicalMemory="7650"
	LogicalProcessorsPerPhysical="2"
	ProcessorClockFrequency="2894.58"
	>
	<Testing>
		<StartDateTime>Apr 14 23:45 WIB</StartDateTime>
		<StartTestTime>1713113125</StartTestTime>
		<TestList/>
		<EndDateTime>Apr 14 23:45 WIB</EndDateTime>
		<EndTestTime>1713113125</EndTestTime>
		<ElapsedMinutes>0</ElapsedMinutes>
	</Testing>
</Site>
